<?xml version="1.0" encoding="UTF-8"?>
<!-- Generated by org.testng.reporters.JUnitXMLReporter -->
<testsuite ignored="2" hostname="Divya-Naik" failures="0" tests="3" name="Test" time="51.934" errors="0" timestamp="2026-01-08T18:40:39 IST">
  <testcase classname="com.crm.comcast.CreateContactTest.CreateOrgTest" name="CreateCamp" time="8.487"/>
  <testcase classname="com.crm.comcast.CreateProductTest.CreateProductPage" name="addPrd" time="7.909"/>
  <testcase classname="com.crm.comcast.CreateProductTest.CreateProductPage" name="createOrg1" time="0.002"/>
  <testcase classname="com.crm.generic.baseUtility.BaseClass" name="@AfterSuite AS" time="0.0">
    <ignored/>
  </testcase> <!-- @AfterSuite AS -->
  <testcase classname="com.crm.generic.baseUtility.BaseClass" name="@BeforeSuite BS" time="0.0">
    <ignored/>
  </testcase> <!-- @BeforeSuite BS -->
</testsuite> <!-- Test -->
