<?xml version="1.0" encoding="UTF-8"?>
<testng-results ignored="0" total="3" passed="3" failed="0" skipped="0">
  <reporter-output>
  </reporter-output>
  <suite started-at="2026-01-08T18:39:47 IST" name="Suite" finished-at="2026-01-08T18:40:39 IST" duration-ms="51934">
    <groups>
    </groups>
    <test started-at="2026-01-08T18:39:47 IST" name="Test" finished-at="2026-01-08T18:40:39 IST" duration-ms="51934">
      <class name="com.crm.comcast.CreateContactTest.CreateOrgTest">
        <test-method is-config="true" signature="BS()[pri:0, instance:com.crm.comcast.CreateContactTest.CreateOrgTest@31190526]" started-at="2026-01-08T18:39:47 IST" name="BS" finished-at="2026-01-08T18:39:47 IST" duration-ms="15" status="PASS">
          <reporter-output>
          </reporter-output>
        </test-method> <!-- BS -->
        <test-method is-config="true" signature="OpenBrowser()[pri:0, instance:com.crm.comcast.CreateContactTest.CreateOrgTest@31190526]" started-at="2026-01-08T18:39:47 IST" name="OpenBrowser" finished-at="2026-01-08T18:39:49 IST" duration-ms="2032" status="PASS">
          <reporter-output>
          </reporter-output>
        </test-method> <!-- OpenBrowser -->
        <test-method is-config="true" signature="Login()[pri:0, instance:com.crm.comcast.CreateContactTest.CreateOrgTest@31190526]" started-at="2026-01-08T18:39:49 IST" name="Login" finished-at="2026-01-08T18:39:53 IST" duration-ms="3870" status="PASS">
          <reporter-output>
          </reporter-output>
        </test-method> <!-- Login -->
        <test-method signature="CreateCamp()[pri:0, instance:com.crm.comcast.CreateContactTest.CreateOrgTest@31190526]" started-at="2026-01-08T18:39:53 IST" name="CreateCamp" finished-at="2026-01-08T18:40:01 IST" duration-ms="8487" status="PASS">
          <reporter-output>
          </reporter-output>
        </test-method> <!-- CreateCamp -->
        <test-method is-config="true" signature="Logout()[pri:0, instance:com.crm.comcast.CreateContactTest.CreateOrgTest@31190526]" started-at="2026-01-08T18:40:01 IST" name="Logout" finished-at="2026-01-08T18:40:08 IST" duration-ms="6817" status="PASS">
          <reporter-output>
          </reporter-output>
        </test-method> <!-- Logout -->
        <test-method is-config="true" signature="CloseBrowser()[pri:0, instance:com.crm.comcast.CreateContactTest.CreateOrgTest@31190526]" started-at="2026-01-08T18:40:08 IST" name="CloseBrowser" finished-at="2026-01-08T18:40:09 IST" duration-ms="551" status="PASS">
          <reporter-output>
          </reporter-output>
        </test-method> <!-- CloseBrowser -->
        <test-method is-config="true" signature="AS()[pri:0, instance:com.crm.comcast.CreateContactTest.CreateOrgTest@31190526]" started-at="2026-01-08T18:40:39 IST" name="AS" finished-at="2026-01-08T18:40:39 IST" duration-ms="1" status="PASS">
          <reporter-output>
          </reporter-output>
        </test-method> <!-- AS -->
      </class> <!-- com.crm.comcast.CreateContactTest.CreateOrgTest -->
      <class name="com.crm.comcast.CreateProductTest.CreateProductPage">
        <test-method is-config="true" signature="OpenBrowser()[pri:0, instance:com.crm.comcast.CreateProductTest.CreateProductPage@f5958c9]" started-at="2026-01-08T18:40:09 IST" name="OpenBrowser" finished-at="2026-01-08T18:40:10 IST" duration-ms="1329" status="PASS">
          <reporter-output>
          </reporter-output>
        </test-method> <!-- OpenBrowser -->
        <test-method is-config="true" signature="Login()[pri:0, instance:com.crm.comcast.CreateProductTest.CreateProductPage@f5958c9]" started-at="2026-01-08T18:40:10 IST" name="Login" finished-at="2026-01-08T18:40:14 IST" duration-ms="3930" status="PASS">
          <reporter-output>
          </reporter-output>
        </test-method> <!-- Login -->
        <test-method signature="addPrd()[pri:0, instance:com.crm.comcast.CreateProductTest.CreateProductPage@f5958c9]" started-at="2026-01-08T18:40:14 IST" name="addPrd" finished-at="2026-01-08T18:40:22 IST" duration-ms="7909" status="PASS">
          <reporter-output>
          </reporter-output>
        </test-method> <!-- addPrd -->
        <test-method is-config="true" signature="Logout()[pri:0, instance:com.crm.comcast.CreateProductTest.CreateProductPage@f5958c9]" started-at="2026-01-08T18:40:22 IST" name="Logout" finished-at="2026-01-08T18:40:28 IST" duration-ms="6548" status="PASS">
          <reporter-output>
          </reporter-output>
        </test-method> <!-- Logout -->
        <test-method is-config="true" signature="Login()[pri:0, instance:com.crm.comcast.CreateProductTest.CreateProductPage@f5958c9]" started-at="2026-01-08T18:40:28 IST" name="Login" finished-at="2026-01-08T18:40:32 IST" duration-ms="3169" status="PASS">
          <reporter-output>
          </reporter-output>
        </test-method> <!-- Login -->
        <test-method signature="createOrg1()[pri:0, instance:com.crm.comcast.CreateProductTest.CreateProductPage@f5958c9]" started-at="2026-01-08T18:40:32 IST" name="createOrg1" finished-at="2026-01-08T18:40:32 IST" duration-ms="2" status="PASS">
          <reporter-output>
          </reporter-output>
        </test-method> <!-- createOrg1 -->
        <test-method is-config="true" signature="Logout()[pri:0, instance:com.crm.comcast.CreateProductTest.CreateProductPage@f5958c9]" started-at="2026-01-08T18:40:32 IST" name="Logout" finished-at="2026-01-08T18:40:38 IST" duration-ms="6804" status="PASS">
          <reporter-output>
          </reporter-output>
        </test-method> <!-- Logout -->
        <test-method is-config="true" signature="CloseBrowser()[pri:0, instance:com.crm.comcast.CreateProductTest.CreateProductPage@f5958c9]" started-at="2026-01-08T18:40:38 IST" name="CloseBrowser" finished-at="2026-01-08T18:40:39 IST" duration-ms="396" status="PASS">
          <reporter-output>
          </reporter-output>
        </test-method> <!-- CloseBrowser -->
      </class> <!-- com.crm.comcast.CreateProductTest.CreateProductPage -->
    </test> <!-- Test -->
  </suite> <!-- Suite -->
</testng-results>
