<?xml version="1.0" encoding="UTF-8"?>
<!-- Generated by org.testng.reporters.JUnitReportReporter -->
<testsuite hostname="Divya-Naik" failures="0" tests="2" name="com.crm.comcast.CreateProductTest.CreateProductPage" time="28.362" errors="0" timestamp="2026-01-08T18:40:39 IST" skipped="0">
  <testcase classname="com.crm.comcast.CreateProductTest.CreateProductPage" name="createOrg1" time="9.719"/>
  <testcase classname="com.crm.comcast.CreateProductTest.CreateProductPage" name="addPrd" time="18.643"/>
</testsuite> <!-- com.crm.comcast.CreateProductTest.CreateProductPage -->
