<?xml version="1.0" encoding="UTF-8"?>
<!-- Generated by org.testng.reporters.JUnitReportReporter -->
<testsuite hostname="Divya-Naik" failures="0" tests="3" name="TestNG.CreateContactTest" time="0.022" errors="0" timestamp="2025-12-10T16:34:53 IST" skipped="0">
  <testcase classname="TestNG.CreateContactTest" name="createContactTest" time="0.003"/>
  <testcase classname="TestNG.CreateContactTest" name="createContactTest" time="0.016"/>
  <testcase classname="TestNG.CreateContactTest" name="createContactTest" time="0.003"/>
</testsuite> <!-- TestNG.CreateContactTest -->
